This is pdfTeX, Version 3.1415926-1.40.10 (TeX Live 2009/Debian) (format=latex 2013.7.23)  17 MAR 2014 16:39
entering extended mode
 %&-line parsing enabled.
**A.tex
(./A.tex
LaTeX2e <2009/09/24>
Babel <v3.8l> and hyphenation patterns for english, usenglishmax, dumylang, noh
yphenation, pinyin, loaded.
(./resume.cls
Document Class: resume 1997/02/07 v1.1 resume class
(/usr/share/texmf-texlive/tex/latex/base/article.cls
Document Class: article 2007/10/19 v1.4h Standard LaTeX document class
(/usr/share/texmf-texlive/tex/latex/base/size10.clo
File: size10.clo 2007/10/19 v1.4h Standard LaTeX file (size option)
)
\c@part=\count79
\c@section=\count80
\c@subsection=\count81
\c@subsubsection=\count82
\c@paragraph=\count83
\c@subparagraph=\count84
\c@figure=\count85
\c@table=\count86
\abovecaptionskip=\skip41
\belowcaptionskip=\skip42
\bibindent=\dimen102
)
\titlewidth=\skip43
\addresswidth=\skip44
)
(/usr/share/texmf-texlive/tex/latex/ltxmisc/url.sty
\Urlmuskip=\muskip10
Package: url 2006/04/12  ver 3.3  Verb mode for urls, etc.
)
No file A.aux.
\openout1 = `A.aux'.

LaTeX Font Info:    Checking defaults for OML/cmm/m/it on input line 46.
LaTeX Font Info:    ... okay on input line 46.
LaTeX Font Info:    Checking defaults for T1/cmr/m/n on input line 46.
LaTeX Font Info:    ... okay on input line 46.
LaTeX Font Info:    Checking defaults for OT1/cmr/m/n on input line 46.
LaTeX Font Info:    ... okay on input line 46.
LaTeX Font Info:    Checking defaults for OMS/cmsy/m/n on input line 46.
LaTeX Font Info:    ... okay on input line 46.
LaTeX Font Info:    Checking defaults for OMX/cmex/m/n on input line 46.
LaTeX Font Info:    ... okay on input line 46.
LaTeX Font Info:    Checking defaults for U/cmr/m/n on input line 46.
LaTeX Font Info:    ... okay on input line 46.
LaTeX Font Info:    External font `cmex10' loaded for size
(Font)              <9> on input line 47.
LaTeX Font Info:    External font `cmex10' loaded for size
(Font)              <6> on input line 47.
LaTeX Font Info:    External font `cmex10' loaded for size
(Font)              <5> on input line 47.
LaTeX Font Info:    External font `cmex10' loaded for size
(Font)              <7> on input line 52.

Underfull \hbox (badness 10000) in paragraph at lines 84--96

 []


Underfull \hbox (badness 10000) in paragraph at lines 97--106

 []

[1

]
Underfull \hbox (badness 10000) in paragraph at lines 107--115

 []


Underfull \hbox (badness 10000) in paragraph at lines 116--124

 []


Underfull \hbox (badness 10000) in paragraph at lines 125--136

 []


Underfull \hbox (badness 10000) in paragraph at lines 140--145

 []

Missing character: There is no Â in font cmtt10!
Missing character: There is no ­ in font cmtt10!
Missing character: There is no Â in font cmtt10!
Missing character: There is no ­ in font cmtt10!
Missing character: There is no Â in font cmtt10!
Missing character: There is no ­ in font cmtt10!
Missing character: There is no Â in font cmtt10!
Missing character: There is no ­ in font cmtt10!
Missing character: There is no Â in font cmtt10!
Missing character: There is no ­ in font cmtt10!
Missing character: There is no Â in font cmtt10!
Missing character: There is no ­ in font cmtt10!
Missing character: There is no Â in font cmtt10!
Missing character: There is no ­ in font cmtt10!
Missing character: There is no â in font cmr10!
Missing character: There is no € in font cmr10!
Missing character: There is no “ in font cmr10!
Missing character: There is no Â in font cmtt10!
Missing character: There is no ­ in font cmtt10!
Missing character: There is no Â in font cmtt10!
Missing character: There is no ­ in font cmtt10!
Missing character: There is no Â in font cmtt10!
Missing character: There is no ­ in font cmtt10!
[2]
Missing character: There is no Â in font cmtt10!
Missing character: There is no ­ in font cmtt10!
Missing character: There is no Â in font cmtt10!
Missing character: There is no ­ in font cmtt10!
Missing character: There is no Â in font cmtt10!
Missing character: There is no ­ in font cmtt10!
Missing character: There is no Â in font cmtt10!
Missing character: There is no ­ in font cmtt10!
Missing character: There is no Â in font cmtt10!
Missing character: There is no ­ in font cmtt10!
 [3] (./A.aux) ) 
Here is how much of TeX's memory you used:
 336 strings out of 495047
 3629 string characters out of 1181960
 54485 words of memory out of 3000000
 3584 multiletter control sequences out of 15000+50000
 7413 words of font info for 27 fonts, out of 3000000 for 9000
 28 hyphenation exceptions out of 8191
 29i,8n,21p,178b,340s stack positions out of 5000i,500n,10000p,200000b,50000s

Output written on A.dvi (3 pages, 9300 bytes).
